<?xml version="1.0" encoding="UTF-8" standalone="no"?><testsuite errors="1" failures="0" name="Agregar productos al carro de compras" skipped="0" tests="1" time="0.61" timestamp="2024-10-25 03:56:17"><testcase name="Agregar 2 productos al carro de compras"><error message="The path to the driver executable The path to the driver executable must be set by the webdriver.chrome.driver system property; for more information, see https://github.com/SeleniumHQ/selenium/wiki/ChromeDriver. The latest version can be downloaded from https://chromedriver.storage.googleapis.com/index.html" type="java.lang.IllegalStateException">The path to the driver executable The path to the driver executable must be set by the webdriver.chrome.driver system property; for more information, see https://github.com/SeleniumHQ/selenium/wiki/ChromeDriver. The latest version can be downloaded from https://chromedriver.storage.googleapis.com/index.html</error><system-err>The path to the driver executable The path to the driver executable must be set by the webdriver.chrome.driver system property; for more information, see https://github.com/SeleniumHQ/selenium/wiki/ChromeDriver. The latest version can be downloaded from https://chromedriver.storage.googleapis.com/index.html&#13;
com.sanangel.stepDefinitions.CarritostepDefinitions.queEstoyEnLaPáginaDeInicioDeSanÁngel(CarritostepDefinitions.java:20)&#13;
✽.que estoy en la página de inicio de San Ángel(file:///C:/Users/USUARIO/Desktop/Prueba%20SQA/sanangel/src/test/resources/features/sanangel.feature:6)&#13;
</system-err></testcase></testsuite>